[debug] [2019-04-24T12:06:08.339Z] ----------------------------------------------------------------------
[debug] [2019-04-24T12:06:08.343Z] Command:       C:\Program Files\nodejs\node.exe C:\Users\user\AppData\Roaming\npm\node_modules\firebase-tools\lib\bin\firebase.js deploy --only functions
[debug] [2019-04-24T12:06:08.344Z] CLI Version:   6.3.1
[debug] [2019-04-24T12:06:08.344Z] Platform:      win32
[debug] [2019-04-24T12:06:08.344Z] Node Version:  v10.15.0
[debug] [2019-04-24T12:06:08.346Z] Time:          Wed Apr 24 2019 14:06:08 GMT+0200 (GMT+02:00)
[debug] [2019-04-24T12:06:08.347Z] ----------------------------------------------------------------------
[debug] 
[debug] [2019-04-24T12:06:08.373Z] > command requires scopes: ["email","openid","https://www.googleapis.com/auth/cloudplatformprojects.readonly","https://www.googleapis.com/auth/firebase","https://www.googleapis.com/auth/cloud-platform"]
[debug] [2019-04-24T12:06:08.374Z] > authorizing via signed-in user
[debug] [2019-04-24T12:06:08.375Z] [iam] checking project cra-application for permissions ["cloudfunctions.functions.create","cloudfunctions.functions.delete","cloudfunctions.functions.get","cloudfunctions.functions.list","cloudfunctions.functions.update","cloudfunctions.operations.get","firebase.projects.get"]
[debug] [2019-04-24T12:06:08.378Z] >>> HTTP REQUEST POST https://cloudresourcemanager.googleapis.com/v1/projects/cra-application:testIamPermissions  

[debug] [2019-04-24T12:06:09.232Z] <<< HTTP RESPONSE 200
[info] 
[info] === Deploying to 'cra-application'...
[info] 
[info] i  deploying functions
[info] Running command: npm --prefix "$RESOURCE_DIR" run lint
[info] +  functions: Finished running predeploy script.
[debug] [2019-04-24T12:06:22.971Z] > [functions] package.json contents: {
  "name": "functions",
  "description": "Cloud Functions for Firebase",
  "scripts": {
    "lint": "eslint .",
    "serve": "firebase serve --only functions",
    "shell": "firebase functions:shell",
    "start": "npm run shell",
    "deploy": "firebase deploy --only functions",
    "logs": "firebase functions:log"
  },
  "dependencies": {
    "firebase-admin": "~7.0.0",
    "firebase-functions": "^2.2.0",
    "nodemailer": "^5.1.1"
  },
  "devDependencies": {
    "eslint": "^5.12.0",
    "eslint-plugin-promise": "^4.0.1"
  },
  "private": true
}
[info] i  functions: ensuring necessary APIs are enabled...
[debug] [2019-04-24T12:06:22.979Z] >>> HTTP REQUEST GET https://servicemanagement.googleapis.com/v1/services/cloudfunctions.googleapis.com/projectSettings/cra-application?view=CONSUMER_VIEW  
 
[debug] [2019-04-24T12:06:22.981Z] >>> HTTP REQUEST GET https://servicemanagement.googleapis.com/v1/services/runtimeconfig.googleapis.com/projectSettings/cra-application?view=CONSUMER_VIEW  
 
[debug] [2019-04-24T12:06:24.337Z] <<< HTTP RESPONSE 200
[info] +  functions: all necessary APIs are enabled
[debug] [2019-04-24T12:06:24.399Z] <<< HTTP RESPONSE 200
[debug] [2019-04-24T12:06:24.401Z] >>> HTTP REQUEST GET https://cloudresourcemanager.googleapis.com/v1/projects/cra-application  
 
[debug] [2019-04-24T12:06:25.135Z] <<< HTTP RESPONSE 200
[debug] [2019-04-24T12:06:25.136Z] >>> HTTP REQUEST GET https://mobilesdk-pa.googleapis.com/v1/projects/437002166801:getServerAppConfig  
 
[debug] [2019-04-24T12:06:25.378Z] <<< HTTP RESPONSE 200
[info] i  functions: preparing functions directory for uploading...
[debug] [2019-04-24T12:06:25.383Z] >>> HTTP REQUEST GET https://runtimeconfig.googleapis.com/v1beta1/projects/cra-application/configs  
 
[debug] [2019-04-24T12:06:26.257Z] <<< HTTP RESPONSE 200
[info] i  functions: packaged functions (43.05 KB) for uploading
[debug] [2019-04-24T12:06:26.937Z] >>> HTTP REQUEST POST https://cloudfunctions.googleapis.com/v1/projects/cra-application/locations/us-central1/functions:generateUploadUrl  
 
[debug] [2019-04-24T12:06:27.286Z] <<< HTTP RESPONSE 200
[debug] [2019-04-24T12:06:27.287Z] >>> HTTP REQUEST PUT https://storage.googleapis.com/gcf-upload-us-central1-c2ad1142-7a04-4ce7-8e87-8b7918536dff/77ae4872-80d5-4edf-a116-38731ee633c3.zip?GoogleAccessId=service-437002166801@gcf-admin-robot.iam.gserviceaccount.com&Expires=1556109381&Signature=SUrPS8lJ4svxo59kPX2pmeNTGau7bnFzkj8pXSWYeQchFhlOgmm9u2uBlsk%2Fry4lvFVA9cTP99UTXEHZiX9IFUZH60ROdv0AIUSco%2BXN0J5%2FZZKiRnS%2BtRruxF%2BhImGh%2Bw84McFI4cTHoiMzU9rJegKa6ERZ4m5DvDxhO3BTofm%2FxPRBtWXAvf0ogc5mAtWzlecuUSRGU%2BbfgtcynX7xbT%2FOCQJT3tYornq9%2Bk3wVz9hy3fKMES0llhqOq%2F9PGfgnRQonz0dXR2EpP5T%2Blt2D6F3cKr9lSqygQAogfqWceej7khBX0B3t7SOTjy7adOTbaygiTHfEGUWlVjUw99eeQ%3D%3D  

[debug] [2019-04-24T12:06:27.780Z] <<< HTTP RESPONSE 200
[info] +  functions: functions folder uploaded successfully
[debug] [2019-04-24T12:06:27.793Z] >>> HTTP REQUEST GET https://cloudfunctions.googleapis.com/v1/projects/cra-application/locations/-/functions  
 
[debug] [2019-04-24T12:06:28.236Z] <<< HTTP RESPONSE 200
[info] i  functions: updating Node.js 6 function addMessage(us-central1)...
[debug] [2019-04-24T12:06:28.247Z] Trigger is:  {"httpsTrigger":{}}
[info] 
The following functions are found in your project but do not exist in your local source code:
	sendMailFromCraDb(us-central1)
	sendMonthlyReminder(us-central1)

If you are renaming a function or changing its region, it is recommended that you create the new function first before deleting the old one to prevent event loss. For more info, visit https://firebase.google.com/docs/functions/manage-functions#modify

